2025-02-02 12:44:03.942 | INFO     | ===================================
2025-02-02 12:44:03.943 | INFO     | AUTO_MAA 主程序
2025-02-02 12:44:03.943 | INFO     | 版本号： v4.2.1.1
2025-02-02 12:44:03.943 | INFO     | 根目录： D:\编程\Auto_Maa\AUTO_MAA
2025-02-02 12:44:03.943 | INFO     | ===================================
2025-02-02 12:44:03.943 | INFO     | 日志记录器初始化完成
2025-02-02 12:44:03.943 | INFO     | 配置类初始化完成
2025-02-02 12:44:03.950 | INFO     | 程序配置管理模块初始化完成
2025-02-02 12:45:01.910 | INFO     | 中止任务：ALL
2025-02-02 12:45:01.918 | INFO     | AUTO_MAA主程序关闭
2025-02-02 12:45:01.918 | INFO     | ===================================
2025-02-02 12:46:03.856 | INFO     | ===================================
2025-02-02 12:46:03.857 | INFO     | AUTO_MAA 主程序
2025-02-02 12:46:03.857 | INFO     | 版本号： v4.2.1.1
2025-02-02 12:46:03.857 | INFO     | 根目录： D:\编程\Auto_Maa\AUTO_MAA
2025-02-02 12:46:03.857 | INFO     | ===================================
2025-02-02 12:46:03.857 | INFO     | 日志记录器初始化完成
2025-02-02 12:46:03.857 | INFO     | 配置类初始化完成
2025-02-02 12:46:03.858 | INFO     | 程序配置管理模块初始化完成
2025-02-02 12:47:14.166 | INFO     | 中止任务：ALL
2025-02-02 12:47:14.169 | INFO     | AUTO_MAA主程序关闭
2025-02-02 12:47:14.170 | INFO     | ===================================
2025-02-02 12:47:56.895 | INFO     | ===================================
2025-02-02 12:47:56.895 | INFO     | AUTO_MAA 主程序
2025-02-02 12:47:56.895 | INFO     | 版本号： v4.2.1.1
2025-02-02 12:47:56.895 | INFO     | 根目录： D:\编程\Auto_Maa\AUTO_MAA
2025-02-02 12:47:56.896 | INFO     | ===================================
2025-02-02 12:47:56.896 | INFO     | 日志记录器初始化完成
2025-02-02 12:47:56.896 | INFO     | 配置类初始化完成
2025-02-02 12:47:56.897 | INFO     | 程序配置管理模块初始化完成
2025-02-02 12:48:02.843 | INFO     | 中止任务：ALL
2025-02-02 12:48:02.847 | INFO     | AUTO_MAA主程序关闭
2025-02-02 12:48:02.847 | INFO     | ===================================
2025-02-02 12:48:09.691 | INFO     | ===================================
2025-02-02 12:48:09.691 | INFO     | AUTO_MAA 主程序
2025-02-02 12:48:09.691 | INFO     | 版本号： v4.2.1.1
2025-02-02 12:48:09.692 | INFO     | 根目录： D:\编程\Auto_Maa\AUTO_MAA
2025-02-02 12:48:09.692 | INFO     | ===================================
2025-02-02 12:48:09.692 | INFO     | 日志记录器初始化完成
2025-02-02 12:48:09.692 | INFO     | 配置类初始化完成
2025-02-02 12:48:09.692 | INFO     | 程序配置管理模块初始化完成
2025-02-02 12:48:27.337 | INFO     | 用户数据库初始化完成
2025-02-02 12:49:20.168 | INFO     | 任务开始：脚本_1
2025-02-02 12:49:20.173 | INFO     | 任务开始：设置脚本_1
2025-02-02 12:50:51.649 | INFO     | 任务结束：脚本_1
2025-02-02 12:50:59.025 | INFO     | 任务开始：脚本_1
2025-02-02 12:50:59.030 | INFO     | 任务开始：设置脚本_1
2025-02-02 12:51:28.346 | INFO     | 任务结束：脚本_1
2025-02-02 12:51:35.376 | INFO     | 任务开始：脚本_1
2025-02-02 12:51:35.381 | INFO     | 任务开始：设置脚本_1
2025-02-02 12:51:53.533 | INFO     | 任务结束：脚本_1
2025-02-02 12:53:04.412 | INFO     | 任务开始：脚本_1
2025-02-02 12:53:04.417 | INFO     | 任务开始：设置脚本_1
2025-02-02 12:53:34.732 | INFO     | 任务结束：脚本_1
2025-02-02 12:53:42.866 | INFO     | 任务开始：脚本_1
2025-02-02 12:53:42.870 | INFO     | 任务开始：设置脚本_1
2025-02-02 12:53:46.971 | INFO     | 任务结束：脚本_1
2025-02-02 12:56:32.093 | INFO     | 用户添加任务：调度队列_1
2025-02-02 12:56:32.093 | INFO     | 任务开始：调度队列_1
2025-02-02 12:56:32.102 | INFO     | 任务开始：脚本_1
2025-02-02 12:56:46.679 | INFO     | 中止任务：调度队列_1
2025-02-02 12:56:46.685 | INFO     | 申请中止本次任务
2025-02-02 12:56:47.695 | INFO     | 任务完成：脚本_1
2025-02-02 12:56:47.706 | INFO     | 任务结束：调度队列_1
2025-02-02 12:56:49.483 | INFO     | 用户添加任务：调度队列_1
2025-02-02 12:56:49.483 | INFO     | 任务开始：调度队列_1
2025-02-02 12:56:49.488 | INFO     | 任务开始：脚本_1
2025-02-02 12:57:04.593 | INFO     | 中止任务：调度队列_1
2025-02-02 12:57:04.598 | INFO     | 申请中止本次任务
2025-02-02 12:57:05.044 | INFO     | 任务完成：脚本_1
2025-02-02 12:57:05.052 | INFO     | 任务结束：调度队列_1
2025-02-02 12:57:07.172 | INFO     | 任务开始：脚本_1
2025-02-02 12:57:07.177 | INFO     | 任务开始：设置脚本_1
2025-02-02 12:57:21.333 | INFO     | 任务结束：脚本_1
2025-02-02 12:58:57.187 | INFO     | 用户添加任务：调度队列_1
2025-02-02 12:58:57.187 | INFO     | 任务开始：调度队列_1
2025-02-02 12:58:57.192 | INFO     | 任务开始：脚本_1
2025-02-02 13:01:20.361 | INFO     | 任务完成：脚本_1
2025-02-02 13:01:20.374 | INFO     | 任务结束：调度队列_1
2025-02-02 13:01:38.117 | INFO     | 用户添加任务：调度队列_1
2025-02-02 13:01:38.117 | INFO     | 任务开始：调度队列_1
2025-02-02 13:01:38.122 | INFO     | 任务开始：脚本_1
2025-02-02 13:03:41.077 | INFO     | 中止任务：调度队列_1
2025-02-02 13:03:41.080 | INFO     | 申请中止本次任务
2025-02-02 13:03:42.088 | INFO     | 任务完成：脚本_1
2025-02-02 13:03:42.094 | INFO     | 任务结束：调度队列_1
2025-02-02 13:05:07.329 | INFO     | 中止任务：ALL
2025-02-02 13:05:07.332 | INFO     | AUTO_MAA主程序关闭
2025-02-02 13:05:07.332 | INFO     | ===================================
2025-02-02 13:05:13.663 | INFO     | ===================================
2025-02-02 13:05:13.664 | INFO     | AUTO_MAA 主程序
2025-02-02 13:05:13.664 | INFO     | 版本号： v4.2.1.1
2025-02-02 13:05:13.664 | INFO     | 根目录： D:\编程\Auto_Maa\AUTO_MAA
2025-02-02 13:05:13.664 | INFO     | ===================================
2025-02-02 13:05:13.664 | INFO     | 日志记录器初始化完成
2025-02-02 13:05:13.666 | INFO     | 配置类初始化完成
2025-02-02 13:05:13.667 | INFO     | 程序配置管理模块初始化完成
2025-02-02 13:07:45.248 | WARNING  | 未选择调度模式
2025-02-02 13:07:48.387 | INFO     | 用户添加任务：调度队列_1
2025-02-02 13:07:48.387 | INFO     | 任务开始：调度队列_1
2025-02-02 13:07:48.391 | INFO     | 任务开始：脚本_1
2025-02-02 13:08:05.198 | INFO     | 中止任务：调度队列_1
2025-02-02 13:08:05.201 | INFO     | 申请中止本次任务
2025-02-02 13:08:06.303 | INFO     | 任务完成：脚本_1
2025-02-02 13:08:06.310 | INFO     | 任务结束：调度队列_1
2025-02-02 13:08:52.743 | INFO     | 用户添加任务：脚本_1
2025-02-02 13:08:52.743 | INFO     | 任务开始：用户自定义队列
2025-02-02 13:08:52.748 | INFO     | 任务开始：脚本_1
2025-02-02 13:10:39.715 | INFO     | 任务完成：脚本_1
2025-02-02 13:10:39.728 | INFO     | 任务结束：用户自定义队列
2025-02-02 13:10:56.493 | INFO     | 用户添加任务：脚本_1
2025-02-02 13:10:56.493 | INFO     | 任务开始：用户自定义队列
2025-02-02 13:10:56.498 | INFO     | 任务开始：脚本_1
2025-02-02 13:11:20.424 | INFO     | 中止任务：用户自定义队列
2025-02-02 13:11:20.427 | INFO     | 申请中止本次任务
2025-02-02 13:11:21.242 | INFO     | 任务完成：脚本_1
2025-02-02 13:11:21.254 | INFO     | 任务结束：用户自定义队列
2025-02-02 13:11:21.272 | INFO     | 用户添加任务：脚本_1
2025-02-02 13:11:21.273 | INFO     | 任务开始：用户自定义队列
2025-02-02 13:11:21.279 | INFO     | 任务开始：脚本_1
2025-02-02 13:11:43.441 | INFO     | 中止任务：用户自定义队列
2025-02-02 13:11:43.443 | INFO     | 申请中止本次任务
2025-02-02 13:11:44.115 | INFO     | 任务完成：脚本_1
2025-02-02 13:11:44.123 | INFO     | 任务结束：用户自定义队列
2025-02-02 13:11:44.254 | INFO     | 用户添加任务：脚本_1
2025-02-02 13:11:44.255 | INFO     | 任务开始：用户自定义队列
2025-02-02 13:11:44.259 | INFO     | 任务开始：脚本_1
2025-02-02 13:11:45.450 | INFO     | 中止任务：用户自定义队列
2025-02-02 13:11:45.454 | INFO     | 申请中止本次任务
2025-02-02 13:11:46.471 | INFO     | 任务完成：脚本_1
2025-02-02 13:11:46.479 | INFO     | 任务结束：用户自定义队列
2025-02-02 13:12:07.783 | INFO     | 任务开始：脚本_1
2025-02-02 13:12:07.789 | INFO     | 任务开始：设置脚本_1
2025-02-02 13:12:09.308 | WARNING  | 任务已存在：脚本_1
2025-02-02 13:12:22.037 | INFO     | 任务结束：脚本_1
2025-02-02 13:12:41.333 | INFO     | 用户添加任务：调度队列_1
2025-02-02 13:12:41.334 | INFO     | 任务开始：调度队列_1
2025-02-02 13:12:41.338 | INFO     | 任务开始：脚本_1
2025-02-02 13:12:41.340 | INFO     | 任务完成：脚本_1
2025-02-02 13:12:41.347 | INFO     | 任务结束：调度队列_1
2025-02-02 13:13:10.404 | INFO     | 用户添加任务：调度队列_1
2025-02-02 13:13:10.404 | INFO     | 任务开始：调度队列_1
2025-02-02 13:13:10.409 | INFO     | 任务开始：脚本_1
2025-02-02 13:13:10.436 | INFO     | 任务完成：脚本_1
2025-02-02 13:13:10.442 | INFO     | 任务结束：调度队列_1
2025-02-02 13:13:12.137 | INFO     | 用户添加任务：调度队列_1
2025-02-02 13:13:12.137 | INFO     | 任务开始：调度队列_1
2025-02-02 13:13:12.143 | INFO     | 任务开始：脚本_1
2025-02-02 13:13:12.146 | INFO     | 任务完成：脚本_1
2025-02-02 13:13:12.152 | INFO     | 任务结束：调度队列_1
2025-02-02 13:13:13.410 | INFO     | 用户添加任务：调度队列_1
2025-02-02 13:13:13.411 | INFO     | 任务开始：调度队列_1
2025-02-02 13:13:13.416 | INFO     | 任务开始：脚本_1
2025-02-02 13:13:13.418 | INFO     | 任务完成：脚本_1
2025-02-02 13:13:13.424 | INFO     | 任务结束：调度队列_1
2025-02-02 13:13:13.640 | INFO     | 用户添加任务：调度队列_1
2025-02-02 13:13:13.640 | INFO     | 任务开始：调度队列_1
2025-02-02 13:13:13.644 | INFO     | 任务开始：脚本_1
2025-02-02 13:13:13.646 | INFO     | 任务完成：脚本_1
2025-02-02 13:13:13.653 | INFO     | 任务结束：调度队列_1
2025-02-02 13:13:14.042 | INFO     | 用户添加任务：调度队列_1
2025-02-02 13:13:14.042 | INFO     | 任务开始：调度队列_1
2025-02-02 13:13:14.047 | INFO     | 任务开始：脚本_1
2025-02-02 13:13:14.050 | INFO     | 任务完成：脚本_1
2025-02-02 13:13:14.055 | INFO     | 任务结束：调度队列_1
2025-02-02 13:13:14.239 | INFO     | 用户添加任务：调度队列_1
2025-02-02 13:13:14.239 | INFO     | 任务开始：调度队列_1
2025-02-02 13:13:14.245 | INFO     | 任务开始：脚本_1
2025-02-02 13:13:14.246 | INFO     | 任务完成：脚本_1
2025-02-02 13:13:14.255 | INFO     | 任务结束：调度队列_1
2025-02-02 13:14:02.390 | INFO     | ===================================
2025-02-02 13:14:02.390 | INFO     | AUTO_MAA 主程序
2025-02-02 13:14:02.390 | INFO     | 版本号： v4.2.1.1
2025-02-02 13:14:02.390 | INFO     | 根目录： D:\编程\Auto_Maa\AUTO_MAA
2025-02-02 13:14:02.390 | INFO     | ===================================
2025-02-02 13:14:02.390 | INFO     | 日志记录器初始化完成
2025-02-02 13:14:02.393 | INFO     | 配置类初始化完成
2025-02-02 13:14:02.393 | INFO     | 程序配置管理模块初始化完成
2025-02-02 13:14:14.834 | INFO     | 用户添加任务：调度队列_1
2025-02-02 13:14:14.834 | INFO     | 任务开始：调度队列_1
2025-02-02 13:14:14.838 | INFO     | 任务开始：脚本_1
2025-02-02 13:14:14.840 | INFO     | 任务完成：脚本_1
2025-02-02 13:14:14.847 | INFO     | 任务结束：调度队列_1
2025-02-02 13:16:11.217 | INFO     | ===================================
2025-02-02 13:16:11.217 | INFO     | AUTO_MAA 主程序
2025-02-02 13:16:11.217 | INFO     | 版本号： v4.2.1.1
2025-02-02 13:16:11.217 | INFO     | 根目录： D:\编程\Auto_Maa\AUTO_MAA
2025-02-02 13:16:11.217 | INFO     | ===================================
2025-02-02 13:16:11.217 | INFO     | 日志记录器初始化完成
2025-02-02 13:16:11.219 | INFO     | 配置类初始化完成
2025-02-02 13:16:11.220 | INFO     | 程序配置管理模块初始化完成
2025-02-02 13:16:20.198 | INFO     | 用户添加任务：调度队列_1
2025-02-02 13:16:20.199 | INFO     | 任务开始：调度队列_1
2025-02-02 13:16:20.205 | INFO     | 任务开始：脚本_1
2025-02-02 13:16:20.208 | INFO     | 任务完成：脚本_1
2025-02-02 13:16:20.213 | INFO     | 任务结束：调度队列_1
2025-02-02 13:16:44.397 | INFO     | 用户添加任务：调度队列_1
2025-02-02 13:16:44.397 | INFO     | 任务开始：调度队列_1
2025-02-02 13:16:44.401 | INFO     | 任务开始：脚本_1
2025-02-02 13:16:44.403 | INFO     | 任务完成：脚本_1
2025-02-02 13:16:44.409 | INFO     | 任务结束：调度队列_1
2025-02-02 13:17:29.545 | INFO     | 用户添加任务：调度队列_1
2025-02-02 13:17:29.546 | INFO     | 任务开始：调度队列_1
2025-02-02 13:17:29.550 | INFO     | 任务开始：脚本_1
2025-02-02 13:17:29.561 | INFO     | 任务完成：脚本_1
2025-02-02 13:17:29.565 | INFO     | 任务结束：调度队列_1
2025-02-02 13:17:59.643 | INFO     | 中止任务：ALL
2025-02-02 13:17:59.647 | INFO     | AUTO_MAA主程序关闭
2025-02-02 13:17:59.647 | INFO     | ===================================
2025-02-03 16:54:24.071 | INFO     | ===================================
2025-02-03 16:54:24.074 | INFO     | AUTO_MAA 主程序
2025-02-03 16:54:24.074 | INFO     | 版本号： v4.2.1.1
2025-02-03 16:54:24.075 | INFO     | 根目录： D:\编程\Auto_Maa\AUTO_MAA
2025-02-03 16:54:24.075 | INFO     | ===================================
2025-02-03 16:54:24.075 | INFO     | 日志记录器初始化完成
2025-02-03 16:54:24.080 | INFO     | 配置类初始化完成
2025-02-03 16:54:24.084 | INFO     | 程序配置管理模块初始化完成
2025-02-03 16:55:19.304 | INFO     | 用户添加任务：调度队列_1
2025-02-03 16:55:19.304 | INFO     | 任务开始：调度队列_1
2025-02-03 16:55:19.316 | INFO     | 任务开始：脚本_1
2025-02-03 16:55:19.810 | INFO     | 任务完成：脚本_1
2025-02-03 16:55:19.813 | INFO     | 任务结束：调度队列_1
2025-02-03 16:55:19.957 | INFO     | 用户添加任务：调度队列_1
2025-02-03 16:55:19.957 | INFO     | 任务开始：调度队列_1
2025-02-03 16:55:19.962 | INFO     | 任务开始：脚本_1
2025-02-03 16:55:20.343 | INFO     | 任务完成：脚本_1
2025-02-03 16:55:20.346 | INFO     | 任务结束：调度队列_1
2025-02-03 16:58:08.736 | INFO     | 中止任务：ALL
2025-02-03 16:58:08.739 | INFO     | AUTO_MAA主程序关闭
2025-02-03 16:58:08.739 | INFO     | ===================================
2025-02-03 16:58:12.332 | INFO     | ===================================
2025-02-03 16:58:12.333 | INFO     | AUTO_MAA 主程序
2025-02-03 16:58:12.333 | INFO     | 版本号： v4.2.1.1
2025-02-03 16:58:12.333 | INFO     | 根目录： D:\编程\Auto_Maa\AUTO_MAA
2025-02-03 16:58:12.333 | INFO     | ===================================
2025-02-03 16:58:12.333 | INFO     | 日志记录器初始化完成
2025-02-03 16:58:12.335 | INFO     | 配置类初始化完成
2025-02-03 16:58:12.336 | INFO     | 程序配置管理模块初始化完成
2025-02-03 16:58:22.873 | INFO     | 用户添加任务：调度队列_1
2025-02-03 16:58:22.873 | INFO     | 任务开始：调度队列_1
2025-02-03 16:58:22.879 | INFO     | 任务开始：脚本_1
2025-02-03 16:58:23.187 | INFO     | 邮件发送成功
2025-02-03 16:58:23.213 | INFO     | 任务完成：脚本_1
2025-02-03 16:58:23.216 | INFO     | 任务结束：调度队列_1
2025-02-03 16:58:24.030 | INFO     | 用户添加任务：调度队列_1
2025-02-03 16:58:24.031 | INFO     | 任务开始：调度队列_1
2025-02-03 16:58:24.035 | INFO     | 任务开始：脚本_1
2025-02-03 16:58:25.319 | INFO     | 邮件发送成功
2025-02-03 16:58:25.341 | INFO     | 任务完成：脚本_1
2025-02-03 16:58:25.345 | INFO     | 任务结束：调度队列_1
2025-02-03 16:59:38.862 | INFO     | 中止任务：ALL
2025-02-03 16:59:38.867 | INFO     | AUTO_MAA主程序关闭
2025-02-03 16:59:38.867 | INFO     | ===================================
2025-02-03 16:59:44.413 | INFO     | ===================================
2025-02-03 16:59:44.413 | INFO     | AUTO_MAA 主程序
2025-02-03 16:59:44.413 | INFO     | 版本号： v4.2.1.1
2025-02-03 16:59:44.413 | INFO     | 根目录： D:\编程\Auto_Maa\AUTO_MAA
2025-02-03 16:59:44.413 | INFO     | ===================================
2025-02-03 16:59:44.413 | INFO     | 日志记录器初始化完成
2025-02-03 16:59:44.415 | INFO     | 配置类初始化完成
2025-02-03 16:59:44.415 | INFO     | 程序配置管理模块初始化完成
2025-02-03 16:59:51.541 | INFO     | 用户添加任务：调度队列_1
2025-02-03 16:59:51.541 | INFO     | 任务开始：调度队列_1
2025-02-03 16:59:51.546 | INFO     | 任务开始：脚本_1
2025-02-03 16:59:51.853 | INFO     | 邮件发送成功
2025-02-03 16:59:52.135 | INFO     | Server酱推送通知成功
2025-02-03 16:59:52.136 | INFO     | 任务完成：脚本_1
2025-02-03 16:59:52.139 | INFO     | 任务结束：调度队列_1
2025-02-03 17:06:00.621 | INFO     | 中止任务：ALL
2025-02-03 17:06:00.625 | INFO     | AUTO_MAA主程序关闭
2025-02-03 17:06:00.625 | INFO     | ===================================
2025-02-03 17:06:03.677 | INFO     | ===================================
2025-02-03 17:06:03.677 | INFO     | AUTO_MAA 主程序
2025-02-03 17:06:03.677 | INFO     | 版本号： v4.2.1.1
2025-02-03 17:06:03.677 | INFO     | 根目录： D:\编程\Auto_Maa\AUTO_MAA
2025-02-03 17:06:03.677 | INFO     | ===================================
2025-02-03 17:06:03.677 | INFO     | 日志记录器初始化完成
2025-02-03 17:06:03.679 | INFO     | 配置类初始化完成
2025-02-03 17:06:03.680 | INFO     | 程序配置管理模块初始化完成
2025-02-03 17:06:19.154 | INFO     | 用户添加任务：调度队列_1
2025-02-03 17:06:19.154 | INFO     | 任务开始：调度队列_1
2025-02-03 17:06:19.159 | INFO     | 任务开始：脚本_1
2025-02-03 17:06:19.513 | INFO     | 邮件发送成功
2025-02-03 17:06:19.874 | INFO     | Server酱推送通知成功
2025-02-03 17:06:19.874 | INFO     | 任务完成：脚本_1
2025-02-03 17:06:19.877 | INFO     | 任务结束：调度队列_1
2025-02-03 17:46:35.127 | INFO     | ===================================
2025-02-03 17:46:35.127 | INFO     | AUTO_MAA 主程序
2025-02-03 17:46:35.127 | INFO     | 版本号： v4.2.1.1
2025-02-03 17:46:35.127 | INFO     | 根目录： D:\编程\Auto_Maa\AUTO_MAA
2025-02-03 17:46:35.128 | INFO     | ===================================
2025-02-03 17:46:35.128 | INFO     | 日志记录器初始化完成
2025-02-03 17:46:35.131 | INFO     | 配置类初始化完成
2025-02-03 17:46:35.131 | INFO     | 程序配置管理模块初始化完成
2025-02-03 17:47:29.902 | INFO     | ===================================
2025-02-03 17:47:29.902 | INFO     | AUTO_MAA 主程序
2025-02-03 17:47:29.902 | INFO     | 版本号： v4.2.1.1
2025-02-03 17:47:29.902 | INFO     | 根目录： D:\编程\Auto_Maa\AUTO_MAA
2025-02-03 17:47:29.902 | INFO     | ===================================
2025-02-03 17:47:29.902 | INFO     | 日志记录器初始化完成
2025-02-03 17:47:29.904 | INFO     | 配置类初始化完成
2025-02-03 17:47:29.905 | INFO     | 程序配置管理模块初始化完成
2025-02-03 17:48:34.890 | INFO     | 中止任务：ALL
2025-02-03 17:48:34.894 | INFO     | AUTO_MAA主程序关闭
2025-02-03 17:48:34.894 | INFO     | ===================================
2025-02-03 17:48:37.973 | INFO     | ===================================
2025-02-03 17:48:37.973 | INFO     | AUTO_MAA 主程序
2025-02-03 17:48:37.974 | INFO     | 版本号： v4.2.1.1
2025-02-03 17:48:37.974 | INFO     | 根目录： D:\编程\Auto_Maa\AUTO_MAA
2025-02-03 17:48:37.974 | INFO     | ===================================
2025-02-03 17:48:37.974 | INFO     | 日志记录器初始化完成
2025-02-03 17:48:37.978 | INFO     | 配置类初始化完成
2025-02-03 17:48:37.978 | INFO     | 程序配置管理模块初始化完成
2025-02-03 17:49:32.858 | INFO     | 中止任务：ALL
2025-02-03 17:49:32.861 | INFO     | AUTO_MAA主程序关闭
2025-02-03 17:49:32.861 | INFO     | ===================================
2025-02-03 17:49:43.242 | INFO     | ===================================
2025-02-03 17:49:43.242 | INFO     | AUTO_MAA 主程序
2025-02-03 17:49:43.242 | INFO     | 版本号： v4.2.1.1
2025-02-03 17:49:43.242 | INFO     | 根目录： D:\编程\Auto_Maa\AUTO_MAA
2025-02-03 17:49:43.242 | INFO     | ===================================
2025-02-03 17:49:43.242 | INFO     | 日志记录器初始化完成
2025-02-03 17:49:43.244 | INFO     | 配置类初始化完成
2025-02-03 17:49:43.245 | INFO     | 程序配置管理模块初始化完成
2025-02-03 17:51:37.814 | INFO     | 中止任务：ALL
2025-02-03 17:51:37.818 | INFO     | AUTO_MAA主程序关闭
2025-02-03 17:51:37.819 | INFO     | ===================================
2025-02-03 17:51:41.100 | INFO     | ===================================
2025-02-03 17:51:41.100 | INFO     | AUTO_MAA 主程序
2025-02-03 17:51:41.100 | INFO     | 版本号： v4.2.1.1
2025-02-03 17:51:41.100 | INFO     | 根目录： D:\编程\Auto_Maa\AUTO_MAA
2025-02-03 17:51:41.100 | INFO     | ===================================
2025-02-03 17:51:41.101 | INFO     | 日志记录器初始化完成
2025-02-03 17:51:41.103 | INFO     | 配置类初始化完成
2025-02-03 17:51:41.104 | INFO     | 程序配置管理模块初始化完成
2025-02-03 17:52:15.264 | INFO     | 用户添加任务：调度队列_1
2025-02-03 17:52:15.264 | INFO     | 任务开始：调度队列_1
2025-02-03 17:52:15.269 | INFO     | 任务开始：脚本_1
2025-02-03 17:52:15.633 | INFO     | 企业微信群机器人推送通知成功
2025-02-03 17:52:15.634 | INFO     | 任务完成：脚本_1
2025-02-03 17:52:15.640 | INFO     | 任务结束：调度队列_1
2025-02-03 17:53:06.904 | INFO     | 中止任务：ALL
2025-02-03 17:53:06.907 | INFO     | AUTO_MAA主程序关闭
2025-02-03 17:53:06.908 | INFO     | ===================================
2025-02-03 17:53:09.899 | INFO     | ===================================
2025-02-03 17:53:09.900 | INFO     | AUTO_MAA 主程序
2025-02-03 17:53:09.900 | INFO     | 版本号： v4.2.1.1
2025-02-03 17:53:09.900 | INFO     | 根目录： D:\编程\Auto_Maa\AUTO_MAA
2025-02-03 17:53:09.900 | INFO     | ===================================
2025-02-03 17:53:09.900 | INFO     | 日志记录器初始化完成
2025-02-03 17:53:09.903 | INFO     | 配置类初始化完成
2025-02-03 17:53:09.903 | INFO     | 程序配置管理模块初始化完成
2025-02-03 17:53:20.295 | INFO     | 用户添加任务：调度队列_1
2025-02-03 17:53:20.295 | INFO     | 任务开始：调度队列_1
2025-02-03 17:53:20.300 | INFO     | 任务开始：脚本_1
2025-02-03 17:53:20.627 | INFO     | 企业微信群机器人推送通知成功
2025-02-03 17:53:20.628 | INFO     | 任务完成：脚本_1
2025-02-03 17:53:20.631 | INFO     | 任务结束：调度队列_1
2025-02-03 17:53:20.729 | INFO     | 用户添加任务：调度队列_1
2025-02-03 17:53:20.729 | INFO     | 任务开始：调度队列_1
2025-02-03 17:53:20.733 | INFO     | 任务开始：脚本_1
2025-02-03 17:53:20.961 | INFO     | 企业微信群机器人推送通知成功
2025-02-03 17:53:20.961 | INFO     | 任务完成：脚本_1
2025-02-03 17:53:20.965 | INFO     | 任务结束：调度队列_1
2025-02-03 18:10:37.068 | INFO     | 中止任务：ALL
2025-02-03 18:10:37.074 | INFO     | AUTO_MAA主程序关闭
2025-02-03 18:10:37.074 | INFO     | ===================================
2025-02-03 18:43:07.460 | INFO     | ===================================
2025-02-03 18:43:07.460 | INFO     | AUTO_MAA 主程序
2025-02-03 18:43:07.460 | INFO     | 版本号： v4.2.1.1
2025-02-03 18:43:07.461 | INFO     | 根目录： D:\编程\Auto_Maa - 副本\AUTO_MAA
2025-02-03 18:43:07.461 | INFO     | ===================================
2025-02-03 18:43:07.461 | INFO     | 日志记录器初始化完成
2025-02-03 18:43:07.463 | INFO     | 配置类初始化完成
2025-02-03 18:43:07.464 | INFO     | 程序配置管理模块初始化完成
2025-02-03 18:44:57.072 | INFO     | 中止任务：ALL
2025-02-03 18:44:57.076 | INFO     | AUTO_MAA主程序关闭
2025-02-03 18:44:57.076 | INFO     | ===================================
2025-02-03 18:45:02.114 | INFO     | ===================================
2025-02-03 18:45:02.114 | INFO     | AUTO_MAA 主程序
2025-02-03 18:45:02.115 | INFO     | 版本号： v4.2.1.1
2025-02-03 18:45:02.115 | INFO     | 根目录： D:\编程\Auto_Maa - 副本\AUTO_MAA
2025-02-03 18:45:02.115 | INFO     | ===================================
2025-02-03 18:45:02.115 | INFO     | 日志记录器初始化完成
2025-02-03 18:45:02.120 | INFO     | 配置类初始化完成
2025-02-03 18:45:02.120 | INFO     | 程序配置管理模块初始化完成
2025-02-03 18:45:26.677 | INFO     | 中止任务：ALL
2025-02-03 18:45:26.680 | INFO     | AUTO_MAA主程序关闭
2025-02-03 18:45:26.681 | INFO     | ===================================
